<?xml version="1.0" encoding="UTF-8"?>
<robot generator="Robot 3.1.1 (Python 3.8.1 on win32)" generated="20210702 12:14:04.786" rpa="false">
<suite id="s1" name="TestSuite1" source="C:\Users\lesjf\OneDrive\Desktop\Workspace\Eclipse\RobotPrject1\test\TestSuite1.robot">
<kw name="Log" library="BuiltIn" type="setup">
<doc>Logs the given message with the given level.</doc>
<arguments>
<arg>Inside Test Suite Setup</arg>
</arguments>
<msg timestamp="20210702 12:14:05.125" level="INFO">Inside Test Suite Setup</msg>
<status status="PASS" starttime="20210702 12:14:05.125" endtime="20210702 12:14:05.125"></status>
</kw>
<test id="s1-t1" name="FirstSeleniumTest">
<kw name="Log" library="BuiltIn" type="setup">
<doc>Logs the given message with the given level.</doc>
<arguments>
<arg>Inside Test Setup</arg>
</arguments>
<msg timestamp="20210702 12:14:05.127" level="INFO">Inside Test Setup</msg>
<status status="PASS" starttime="20210702 12:14:05.127" endtime="20210702 12:14:05.127"></status>
</kw>
<kw name="Close Browser" library="SeleniumLibrary">
<doc>Closes the current browser.</doc>
<status status="PASS" starttime="20210702 12:14:05.128" endtime="20210702 12:14:05.128"></status>
</kw>
<kw name="Open Browser" library="SeleniumLibrary">
<doc>Opens a new browser instance to the given ``url``.</doc>
<arguments>
<arg>https://google.com</arg>
<arg>chrome</arg>
</arguments>
<msg timestamp="20210702 12:14:05.129" level="INFO">Opening browser 'chrome' to base url 'https://google.com'.</msg>
<status status="PASS" starttime="20210702 12:14:05.129" endtime="20210702 12:14:08.550"></status>
</kw>
<kw name="Sleep" library="BuiltIn">
<doc>Pauses the test executed for the given time.</doc>
<arguments>
<arg>5</arg>
</arguments>
<msg timestamp="20210702 12:14:13.558" level="INFO">Slept 5 seconds</msg>
<status status="PASS" starttime="20210702 12:14:08.552" endtime="20210702 12:14:13.558"></status>
</kw>
<kw name="Input Text" library="SeleniumLibrary">
<doc>Types the given ``text`` into the text field identified by ``locator``.</doc>
<arguments>
<arg>name=q</arg>
<arg>Priority Property Investments Ltd</arg>
</arguments>
<msg timestamp="20210702 12:14:13.560" level="INFO">Typing text 'Priority Property Investments Ltd' into text field 'name=q'.</msg>
<status status="PASS" starttime="20210702 12:14:13.560" endtime="20210702 12:14:13.877"></status>
</kw>
<kw name="Press Keys" library="SeleniumLibrary">
<doc>Simulates the user pressing key(s) to an element or on the active browser.</doc>
<arguments>
<arg>name=q</arg>
<arg>ENTER</arg>
</arguments>
<msg timestamp="20210702 12:14:13.879" level="INFO">Sending key(s) ('ENTER',) to name=q element.</msg>
<msg timestamp="20210702 12:14:13.892" level="INFO">Pressing special key ENTER to element.</msg>
<status status="PASS" starttime="20210702 12:14:13.878" endtime="20210702 12:14:14.216"></status>
</kw>
<kw name="Sleep" library="BuiltIn">
<doc>Pauses the test executed for the given time.</doc>
<arguments>
<arg>5</arg>
</arguments>
<msg timestamp="20210702 12:14:19.226" level="INFO">Slept 5 seconds</msg>
<status status="PASS" starttime="20210702 12:14:14.217" endtime="20210702 12:14:19.226"></status>
</kw>
<kw name="Close Browser" library="SeleniumLibrary">
<doc>Closes the current browser.</doc>
<status status="PASS" starttime="20210702 12:14:19.227" endtime="20210702 12:14:22.683"></status>
</kw>
<kw name="Log" library="BuiltIn" type="teardown">
<doc>Logs the given message with the given level.</doc>
<arguments>
<arg>Inside Test Teardown</arg>
</arguments>
<msg timestamp="20210702 12:14:22.685" level="INFO">Inside Test Teardown</msg>
<status status="PASS" starttime="20210702 12:14:22.685" endtime="20210702 12:14:22.685"></status>
</kw>
<tags>
<tag>sanity</tag>
</tags>
<status status="PASS" starttime="20210702 12:14:05.125" endtime="20210702 12:14:22.686" critical="yes"></status>
</test>
<kw name="Log" library="BuiltIn" type="teardown">
<doc>Logs the given message with the given level.</doc>
<arguments>
<arg>Inside Test Suite Teardown</arg>
</arguments>
<msg timestamp="20210702 12:14:22.689" level="INFO">Inside Test Suite Teardown</msg>
<status status="PASS" starttime="20210702 12:14:22.688" endtime="20210702 12:14:22.689"></status>
</kw>
<status status="PASS" starttime="20210702 12:14:04.796" endtime="20210702 12:14:22.689"></status>
</suite>
<statistics>
<total>
<stat pass="1" fail="0">Critical Tests</stat>
<stat pass="1" fail="0">All Tests</stat>
</total>
<tag>
<stat pass="1" fail="0">sanity</stat>
</tag>
<suite>
<stat pass="1" fail="0" id="s1" name="TestSuite1">TestSuite1</stat>
</suite>
</statistics>
<errors>
</errors>
</robot>
